  [1m[35m (5.6ms)[0m  [1m[34mSELECT sqlite_version(*)[0m
  [1m[35m (14.5ms)[0m  [1m[35mCREATE TABLE "ar_internal_metadata" ("key" varchar NOT NULL PRIMARY KEY, "value" varchar, "created_at" datetime(6) NOT NULL, "updated_at" datetime(6) NOT NULL)[0m
  [1m[35m (1.5ms)[0m  [1m[34mSELECT "schema_migrations"."version" FROM "schema_migrations" ORDER BY "schema_migrations"."version" ASC[0m
  [1m[36mActiveRecord::InternalMetadata Load (1.5ms)[0m  [1m[34mSELECT "ar_internal_metadata".* FROM "ar_internal_metadata" WHERE "ar_internal_metadata"."key" = ? LIMIT ?[0m  [["key", "environment"], ["LIMIT", 1]]
  [1m[36mTRANSACTION (0.4ms)[0m  [1m[36mbegin transaction[0m
  [1m[36mActiveRecord::InternalMetadata Create (1.2ms)[0m  [1m[32mINSERT INTO "ar_internal_metadata" ("key", "value", "created_at", "updated_at") VALUES (?, ?, ?, ?)[0m  [["key", "environment"], ["value", "development"], ["created_at", "2021-09-10 18:40:23.748788"], ["updated_at", "2021-09-10 18:40:23.748788"]]
  [1m[36mTRANSACTION (12.2ms)[0m  [1m[36mcommit transaction[0m
  [1m[35m (0.3ms)[0m  [1m[34mSELECT sqlite_version(*)[0m
  [1m[35m (0.6ms)[0m  [1m[34mSELECT "schema_migrations"."version" FROM "schema_migrations" ORDER BY "schema_migrations"."version" ASC[0m
  [1m[35m (1.4ms)[0m  [1m[34mSELECT sqlite_version(*)[0m
  [1m[35m (0.5ms)[0m  [1m[34mSELECT "schema_migrations"."version" FROM "schema_migrations" ORDER BY "schema_migrations"."version" ASC[0m
  [1m[35m (5.5ms)[0m  [1m[34mSELECT sqlite_version(*)[0m
  [1m[36mTweet Load (4.8ms)[0m  [1m[34mSELECT "tweets".* FROM "tweets"[0m
  [1m[36mMonstruo Load (1.8ms)[0m  [1m[34mSELECT "monstruos".* FROM "monstruos"[0m
  [1m[36mVictima Load (1.4ms)[0m  [1m[34mSELECT "victimas".* FROM "victimas"[0m
  [1m[35m (5.4ms)[0m  [1m[34mSELECT sqlite_version(*)[0m
  [1m[35m (1.6ms)[0m  [1m[34mSELECT sqlite_version(*)[0m
  [1m[36mMonstruo Load (1.0ms)[0m  [1m[34mSELECT "monstruos".* FROM "monstruos"[0m
  [1m[35m (0.6ms)[0m  [1m[34mSELECT sqlite_version(*)[0m
  [1m[36mMonstruo Load (1.6ms)[0m  [1m[34mSELECT "monstruos".* FROM "monstruos"[0m
  [1m[36mMonstruo Load (1.2ms)[0m  [1m[34mSELECT "monstruos".* FROM "monstruos"[0m
  [1m[36mTRANSACTION (0.2ms)[0m  [1m[36mbegin transaction[0m
  [1m[36mMonstruo Exists? (0.7ms)[0m  [1m[34mSELECT 1 AS one FROM "monstruos" WHERE "monstruos"."nombre" = ? LIMIT ?[0m  [["nombre", "Hombre lobo"], ["LIMIT", 1]]
  [1m[36mTRANSACTION (0.2ms)[0m  [1m[31mrollback transaction[0m
  [1m[36mMonstruo Load (1.1ms)[0m  [1m[34mSELECT "monstruos".* FROM "monstruos"[0m
  [1m[35m (0.7ms)[0m  [1m[34mSELECT sqlite_version(*)[0m
  [1m[36mVictima Load (0.7ms)[0m  [1m[34mSELECT "victimas".* FROM "victimas"[0m
  [1m[36mTRANSACTION (0.5ms)[0m  [1m[36mbegin transaction[0m
  [1m[36mVictima Exists? (1.2ms)[0m  [1m[34mSELECT 1 AS one FROM "victimas" WHERE "victimas"."nombre" = ? LIMIT ?[0m  [["nombre", "Cris Morena"], ["LIMIT", 1]]
  [1m[36mTRANSACTION (0.5ms)[0m  [1m[31mrollback transaction[0m
  [1m[35m (1.8ms)[0m  [1m[34mSELECT sqlite_version(*)[0m
  [1m[36mMonstruo Load (0.5ms)[0m  [1m[34mSELECT "monstruos".* FROM "monstruos"[0m
  [1m[36mVictima Load (1.2ms)[0m  [1m[34mSELECT "victimas".* FROM "victimas"[0m
  [1m[36mTRANSACTION (0.7ms)[0m  [1m[36mbegin transaction[0m
  [1m[36mVictima Exists? (1.9ms)[0m  [1m[34mSELECT 1 AS one FROM "victimas" WHERE "victimas"."nombre" = ? LIMIT ?[0m  [["nombre", "Juan carlos"], ["LIMIT", 1]]
  [1m[36mMonstruo Load (1.3ms)[0m  [1m[34mSELECT "monstruos".* FROM "monstruos" WHERE "monstruos"."id" = ? LIMIT ?[0m  [["id", 3], ["LIMIT", 1]]
  [1m[36mVictima Create (3.0ms)[0m  [1m[32mINSERT INTO "victimas" ("nombre", "edad", "created_at", "updated_at", "monstruo_id") VALUES (?, ?, ?, ?, ?)[0m  [["nombre", "Juan carlos"], ["edad", 23], ["created_at", "2021-09-10 20:12:15.598538"], ["updated_at", "2021-09-10 20:12:15.598538"], ["monstruo_id", 3]]
  [1m[36mTRANSACTION (24.2ms)[0m  [1m[36mcommit transaction[0m
  [1m[36mVictima Load (0.4ms)[0m  [1m[34mSELECT "victimas".* FROM "victimas"[0m
  [1m[36mMonstruo Load (0.7ms)[0m  [1m[34mSELECT "monstruos".* FROM "monstruos" WHERE "monstruos"."id" = ? LIMIT ?[0m  [["id", 1], ["LIMIT", 1]]
  [1m[36mTRANSACTION (0.3ms)[0m  [1m[36mbegin transaction[0m
  [1m[36mVictima Exists? (0.6ms)[0m  [1m[34mSELECT 1 AS one FROM "victimas" WHERE "victimas"."nombre" = ? LIMIT ?[0m  [["nombre", "Roberto"], ["LIMIT", 1]]
  [1m[36mVictima Create (3.1ms)[0m  [1m[32mINSERT INTO "victimas" ("nombre", "created_at", "updated_at", "monstruo_id") VALUES (?, ?, ?, ?)[0m  [["nombre", "Roberto"], ["created_at", "2021-09-10 20:23:19.221743"], ["updated_at", "2021-09-10 20:23:19.221743"], ["monstruo_id", 1]]
  [1m[36mTRANSACTION (11.3ms)[0m  [1m[36mcommit transaction[0m
  [1m[36mTRANSACTION (0.4ms)[0m  [1m[36mbegin transaction[0m
  [1m[36mVictima Exists? (1.3ms)[0m  [1m[34mSELECT 1 AS one FROM "victimas" WHERE "victimas"."nombre" = ? AND "victimas"."id" != ? LIMIT ?[0m  [["nombre", "Roberto"], ["id", 8], ["LIMIT", 1]]
  [1m[36mTRANSACTION (0.6ms)[0m  [1m[36mcommit transaction[0m
  [1m[36mMonstruo Load (1.1ms)[0m  [1m[34mSELECT "monstruos".* FROM "monstruos"[0m
  [1m[36mVictima Load (1.3ms)[0m  [1m[34mSELECT "victimas".* FROM "victimas"[0m
  [1m[35m (0.5ms)[0m  [1m[34mSELECT sqlite_version(*)[0m
  [1m[36mMonstruo Load (0.7ms)[0m  [1m[34mSELECT "monstruos".* FROM "monstruos" WHERE "monstruos"."id" = ? LIMIT ?[0m  [["id", 1], ["LIMIT", 1]]
  [1m[36mMonstruo Load (0.9ms)[0m  [1m[34mSELECT "monstruos".* FROM "monstruos" WHERE "monstruos"."id" = ? LIMIT ?[0m  [["id", 1], ["LIMIT", 1]]
  [1m[35m (1.5ms)[0m  [1m[34mSELECT COUNT(*) FROM "victimas" WHERE "victimas"."monstruo_id" = ?[0m  [["monstruo_id", 1]]
  [1m[35m (0.8ms)[0m  [1m[34mSELECT sqlite_version(*)[0m
  [1m[36mVictima Load (1.7ms)[0m  [1m[34mSELECT "victimas".* FROM "victimas" /* loading for inspect */ LIMIT ?[0m  [["LIMIT", 11]]
  [1m[36mVictima Load (0.4ms)[0m  [1m[34mSELECT "victimas".* FROM "victimas" /* loading for inspect */ LIMIT ?[0m  [["LIMIT", 11]]
  [1m[36mVictima Load (0.4ms)[0m  [1m[34mSELECT "victimas".* FROM "victimas" /* loading for inspect */ LIMIT ?[0m  [["LIMIT", 11]]
  [1m[35m (0.6ms)[0m  [1m[34mSELECT sqlite_version(*)[0m
  [1m[36mVictima Load (1.6ms)[0m  [1m[34mSELECT "victimas".* FROM "victimas" ORDER BY "victimas"."nombre" DESC[0m
  [1m[35m (0.6ms)[0m  [1m[34mSELECT sqlite_version(*)[0m
  [1m[35m (0.7ms)[0m  [1m[34mSELECT sqlite_version(*)[0m
  [1m[36mVictima Load (1.4ms)[0m  [1m[34mSELECT "victimas".* FROM "victimas" ORDER BY "victimas"."nombre" ASC[0m
  [1m[35m (0.4ms)[0m  [1m[34mSELECT sqlite_version(*)[0m
  [1m[36mVictima Load (1.4ms)[0m  [1m[34mSELECT "victimas".* FROM "victimas" WHERE (edad > 25) ORDER BY "victimas"."nombre" ASC[0m
  [1m[35m (0.5ms)[0m  [1m[34mSELECT sqlite_version(*)[0m
  [1m[36mMonstruo Load (0.9ms)[0m  [1m[34mSELECT "monstruos".* FROM "monstruos"[0m
  [1m[36mVictima Load (0.6ms)[0m  [1m[34mSELECT "victimas".* FROM "victimas" ORDER BY "victimas"."nombre" ASC[0m
  [1m[36mMonstruo Load (1.1ms)[0m  [1m[34mSELECT "monstruos".* FROM "monstruos"[0m
  [1m[36mMonstruo Load (1.0ms)[0m  [1m[34mSELECT "monstruos".* FROM "monstruos" WHERE "monstruos"."id" = ? LIMIT ?[0m  [["id", 1], ["LIMIT", 1]]
  [1m[36mTRANSACTION (0.7ms)[0m  [1m[36mbegin transaction[0m
  [1m[36mVictima Load (1.4ms)[0m  [1m[34mSELECT "victimas".* FROM "victimas" WHERE "victimas"."monstruo_id" = ? ORDER BY "victimas"."nombre" ASC[0m  [["monstruo_id", 1]]
  [1m[36mVictima Destroy (1.6ms)[0m  [1m[31mDELETE FROM "victimas" WHERE "victimas"."id" = ?[0m  [["id", 5]]
  [1m[36mVictima Destroy (0.5ms)[0m  [1m[31mDELETE FROM "victimas" WHERE "victimas"."id" = ?[0m  [["id", 4]]
  [1m[36mVictima Destroy (0.3ms)[0m  [1m[31mDELETE FROM "victimas" WHERE "victimas"."id" = ?[0m  [["id", 8]]
  [1m[36mVictima Destroy (0.3ms)[0m  [1m[31mDELETE FROM "victimas" WHERE "victimas"."id" = ?[0m  [["id", 3]]
  [1m[36mMonstruo Destroy (0.5ms)[0m  [1m[31mDELETE FROM "monstruos" WHERE "monstruos"."id" = ?[0m  [["id", 1]]
  [1m[36mTRANSACTION (9.1ms)[0m  [1m[36mcommit transaction[0m
  [1m[36mVictima Load (1.0ms)[0m  [1m[34mSELECT "victimas".* FROM "victimas" ORDER BY "victimas"."nombre" ASC[0m
